# JRE version: OpenJDK Runtime Environment (7.0_79-b14) (build 1.7.0_79-b14)
# Java VM: OpenJDK Server VM (24.79-b02 mixed mode linux-x86 )
Heap
 PSYoungGen      total 18176K, used 10698K [0x9f080000, 0xa04c0000, 0xb3340000)
  eden space 15616K, 52% used [0x9f080000,0x9f873fe0,0x9ffc0000)
  from space 2560K, 99% used [0xa0240000,0xa04bebc8,0xa04c0000)
  to   space 2560K, 0% used [0x9ffc0000,0x9ffc0000,0xa0240000)
 ParOldGen       total 41216K, used 11397K [0x76b40000, 0x79380000, 0x9f080000)
  object space 41216K, 27% used [0x76b40000,0x77661618,0x79380000)
 PSPermGen       total 16384K, used 15306K [0x6eb40000, 0x6fb40000, 0x76b40000)
  object space 16384K, 93% used [0x6eb40000,0x6fa32860,0x6fb40000)
GC Heap History (8 events):
Event: 3.619 GC heap before
{Heap before GC invocations=1 (full 0):
 PSYoungGen      total 18176K, used 15616K [0x9f080000, 0xa04c0000, 0xb3340000)
  eden space 15616K, 100% used [0x9f080000,0x9ffc0000,0x9ffc0000)
  from space 2560K, 0% used [0xa0240000,0xa0240000,0xa04c0000)
  to   space 2560K, 0% used [0x9ffc0000,0x9ffc0000,0xa0240000)
 ParOldGen       total 41216K, used 0K [0x76b40000, 0x79380000, 0x9f080000)
  object space 41216K, 0% used [0x76b40000,0x76b40000,0x79380000)
 PSPermGen       total 16384K, used 11745K [0x6eb40000, 0x6fb40000, 0x76b40000)
  object space 16384K, 71% used [0x6eb40000,0x6f6b87c8,0x6fb40000)
Event: 3.630 GC heap after
Heap after GC invocations=1 (full 0):
 PSYoungGen      total 18176K, used 2547K [0x9f080000, 0xa04c0000, 0xb3340000)
  eden space 15616K, 0% used [0x9f080000,0x9f080000,0x9ffc0000)
  from space 2560K, 99% used [0x9ffc0000,0xa023cc48,0xa0240000)
  to   space 2560K, 0% used [0xa0240000,0xa0240000,0xa04c0000)
 ParOldGen       total 41216K, used 1120K [0x76b40000, 0x79380000, 0x9f080000)
  object space 41216K, 2% used [0x76b40000,0x76c582e0,0x79380000)
 PSPermGen       total 16384K, used 11745K [0x6eb40000, 0x6fb40000, 0x76b40000)
  object space 16384K, 71% used [0x6eb40000,0x6f6b87c8,0x6fb40000)
}
Event: 10.432 GC heap before
{Heap before GC invocations=2 (full 0):
 PSYoungGen      total 18176K, used 18163K [0x9f080000, 0xa04c0000, 0xb3340000)
  eden space 15616K, 100% used [0x9f080000,0x9ffc0000,0x9ffc0000)
  from space 2560K, 99% used [0x9ffc0000,0xa023cc48,0xa0240000)
  to   space 2560K, 0% used [0xa0240000,0xa0240000,0xa04c0000)
 ParOldGen       total 41216K, used 1120K [0x76b40000, 0x79380000, 0x9f080000)
  object space 41216K, 2% used [0x76b40000,0x76c582e0,0x79380000)
 PSPermGen       total 16384K, used 13527K [0x6eb40000, 0x6fb40000, 0x76b40000)
  object space 16384K, 82% used [0x6eb40000,0x6f875ff0,0x6fb40000)
Event: 10.445 GC heap after
Heap after GC invocations=2 (full 0):
 PSYoungGen      total 18176K, used 2551K [0x9f080000, 0xa04c0000, 0xb3340000)
  eden space 15616K, 0% used [0x9f080000,0x9f080000,0x9ffc0000)
  from space 2560K, 99% used [0xa0240000,0xa04bddc8,0xa04c0000)
  to   space 2560K, 0% used [0x9ffc0000,0x9ffc0000,0xa0240000)
 ParOldGen       total 41216K, used 3487K [0x76b40000, 0x79380000, 0x9f080000)
  object space 41216K, 8% used [0x76b40000,0x76ea7ca8,0x79380000)
 PSPermGen       total 16384K, used 13527K [0x6eb40000, 0x6fb40000, 0x76b40000)
  object space 16384K, 82% used [0x6eb40000,0x6f875ff0,0x6fb40000)
}
Event: 14.332 GC heap before
{Heap before GC invocations=3 (full 0):
 PSYoungGen      total 18176K, used 18150K [0x9f080000, 0xa04c0000, 0xb3340000)
  eden space 15616K, 99% used [0x9f080000,0x9ffbbbe8,0x9ffc0000)
  from space 2560K, 99% used [0xa0240000,0xa04bddc8,0xa04c0000)
  to   space 2560K, 0% used [0x9ffc0000,0x9ffc0000,0xa0240000)
 ParOldGen       total 41216K, used 3487K [0x76b40000, 0x79380000, 0x9f080000)
  object space 41216K, 8% used [0x76b40000,0x76ea7ca8,0x79380000)
 PSPermGen       total 16384K, used 14908K [0x6eb40000, 0x6fb40000, 0x76b40000)
  object space 16384K, 90% used [0x6eb40000,0x6f9cf1e8,0x6fb40000)
Event: 14.345 GC heap after
Heap after GC invocations=3 (full 0):
 PSYoungGen      total 18176K, used 2554K [0x9f080000, 0xa04c0000, 0xb3340000)
  eden space 15616K, 0% used [0x9f080000,0x9f080000,0x9ffc0000)
  from space 2560K, 99% used [0x9ffc0000,0xa023e830,0xa0240000)
  to   space 2560K, 0% used [0xa0240000,0xa0240000,0xa04c0000)
 ParOldGen       total 41216K, used 8196K [0x76b40000, 0x79380000, 0x9f080000)
  object space 41216K, 19% used [0x76b40000,0x77341180,0x79380000)
 PSPermGen       total 16384K, used 14908K [0x6eb40000, 0x6fb40000, 0x76b40000)
  object space 16384K, 90% used [0x6eb40000,0x6f9cf1e8,0x6fb40000)
}
Event: 15.274 GC heap before
{Heap before GC invocations=4 (full 0):
 PSYoungGen      total 18176K, used 18170K [0x9f080000, 0xa04c0000, 0xb3340000)
  eden space 15616K, 100% used [0x9f080000,0x9ffc0000,0x9ffc0000)
  from space 2560K, 99% used [0x9ffc0000,0xa023e830,0xa0240000)
  to   space 2560K, 0% used [0xa0240000,0xa0240000,0xa04c0000)
 ParOldGen       total 41216K, used 8196K [0x76b40000, 0x79380000, 0x9f080000)
  object space 41216K, 19% used [0x76b40000,0x77341180,0x79380000)
 PSPermGen       total 16384K, used 15239K [0x6eb40000, 0x6fb40000, 0x76b40000)
  object space 16384K, 93% used [0x6eb40000,0x6fa21fc0,0x6fb40000)
Event: 15.295 GC heap after
Heap after GC invocations=4 (full 0):
 PSYoungGen      total 18176K, used 2554K [0x9f080000, 0xa04c0000, 0xb3340000)
  eden space 15616K, 0% used [0x9f080000,0x9f080000,0x9ffc0000)
  from space 2560K, 99% used [0xa0240000,0xa04bebc8,0xa04c0000)
  to   space 2560K, 0% used [0x9ffc0000,0x9ffc0000,0xa0240000)
 ParOldGen       total 41216K, used 11397K [0x76b40000, 0x79380000, 0x9f080000)
  object space 41216K, 27% used [0x76b40000,0x77661618,0x79380000)
 PSPermGen       total 16384K, used 15239K [0x6eb40000, 0x6fb40000, 0x76b40000)
  object space 16384K, 93% used [0x6eb40000,0x6fa21fc0,0x6fb40000)
}

